<?xml version="1.0" encoding="UTF-8"?>
<!-- Generated by org.testng.reporters.JUnitReportReporter -->
<testsuite skipped="0" hostname="DESKTOP-48KVGPF" name="com.zoopla.qa.MobileAutomation_Learn.AppTest" tests="1" failures="0" timestamp="16 May 2019 16:42:11 GMT" time="0.000" errors="0">
  <testcase name="testApp" time="0.000" classname="com.zoopla.qa.MobileAutomation_Learn.AppTest"/>
</testsuite> <!-- com.zoopla.qa.MobileAutomation_Learn.AppTest -->
