<?xml version="1.0" encoding="UTF-8"?>
<!-- Generated by org.testng.reporters.JUnitReportReporter -->
<testsuite skipped="0" hostname="DESKTOP-48KVGPF" name="com.apidemos.qa.testcases.TestCaseLaunchApp" tests="1" failures="0" timestamp="15 May 2019 19:36:15 GMT" time="4.504" errors="0">
  <testcase name="helloWorld" time="4.504" classname="com.apidemos.qa.testcases.TestCaseLaunchApp"/>
</testsuite> <!-- com.apidemos.qa.testcases.TestCaseLaunchApp -->
